# Logfile created on 2017-01-28 21:49:01 +0900 by logger.rb/54072
I, [2017-01-28T21:49:01.739932 #12460]  INFO -- : Creating path: 86:e6:ff:93:d6:51 -> 0x1:1 -> 0x1:2 -> 0x2:1 -> 0x2:2 -> 0x3:2 -> 0x3:1 -> 0a:33:7c:e1:2f:78
I, [2017-01-28T21:49:02.724118 #12460]  INFO -- : Creating path: 0a:33:7c:e1:2f:78 -> 0x3:1 -> 0x3:2 -> 0x2:2 -> 0x2:1 -> 0x1:2 -> 0x1:1 -> 86:e6:ff:93:d6:51
I, [2017-01-28T22:00:24.844242 #15980]  INFO -- : Creating path: 62:e4:68:72:ec:83 -> 0x1:1 -> 0x1:2 -> 0x2:1 -> 0x2:2 -> 0x3:2 -> 0x3:1 -> 82:6a:a2:03:ea:3e
I, [2017-01-28T22:00:25.528981 #15980]  INFO -- : Creating path: 82:6a:a2:03:ea:3e -> 0x3:1 -> 0x3:2 -> 0x2:2 -> 0x2:1 -> 0x1:2 -> 0x1:1 -> 62:e4:68:72:ec:83
I, [2017-01-28T22:15:59.741457 #18103]  INFO -- : Creating path: 0e:43:fb:0b:be:63 -> 0x1:1 -> 0x1:2 -> 0x2:1 -> 0x2:2 -> 0x3:2 -> 0x3:1 -> da:6f:10:c3:3b:fa
I, [2017-01-28T22:18:05.178572 #18103]  INFO -- : Creating path: da:6f:10:c3:3b:fa -> 0x3:1 -> 0x3:2 -> 0x2:2 -> 0x2:1 -> 0x1:2 -> 0x1:1 -> 0e:43:fb:0b:be:63
I, [2017-01-28T23:27:59.008105 #20245]  INFO -- : Creating path: 9a:4d:f0:00:cd:f0 -> 0x1:1 -> 0x1:2 -> 0x2:1 -> 0x2:2 -> 0x3:2 -> 0x3:1 -> ba:30:ee:46:d4:62
I, [2017-01-28T23:27:59.749812 #20245]  INFO -- : Creating path: ba:30:ee:46:d4:62 -> 0x3:1 -> 0x3:2 -> 0x2:2 -> 0x2:1 -> 0x1:2 -> 0x1:1 -> 9a:4d:f0:00:cd:f0
I, [2017-01-29T00:29:58.222338 #24017]  INFO -- : Creating path: 3a:4a:09:af:f3:65 -> 0x1:1 -> 0x1:2 -> 0x2:1 -> 0x2:2 -> 0x3:2 -> 0x3:1 -> d6:ff:5e:d3:e6:dc
I, [2017-01-29T00:30:29.699919 #24017]  INFO -- : Creating path: d6:ff:5e:d3:e6:dc -> 0x3:1 -> 0x3:2 -> 0x2:2 -> 0x2:1 -> 0x1:2 -> 0x1:1 -> 3a:4a:09:af:f3:65
I, [2017-01-29T12:26:36.219362 #2663]  INFO -- : Creating path: 5a:54:ce:9d:4c:95 -> 0x1:1 -> 0x1:2 -> 0x2:1 -> 0x2:2 -> 0x3:2 -> 0x3:1 -> 72:17:e6:d0:ee:51
I, [2017-01-29T12:26:37.171119 #2663]  INFO -- : Creating path: 72:17:e6:d0:ee:51 -> 0x3:1 -> 0x3:2 -> 0x2:2 -> 0x2:1 -> 0x1:2 -> 0x1:1 -> 5a:54:ce:9d:4c:95
I, [2017-01-29T12:47:50.548795 #5358]  INFO -- : Creating path: 3e:35:b6:86:ce:3f -> 0x1:1 -> 0x1:2 -> 0x2:1 -> 0x2:2 -> 0x3:2 -> 0x3:1 -> 6e:18:ef:f8:d2:55
I, [2017-01-29T12:47:51.500488 #5358]  INFO -- : Creating path: 6e:18:ef:f8:d2:55 -> 0x3:1 -> 0x3:2 -> 0x2:2 -> 0x2:1 -> 0x1:2 -> 0x1:1 -> 3e:35:b6:86:ce:3f
I, [2017-01-29T12:48:56.382128 #5358]  INFO -- : Creating path: ba:ca:ff:8c:5a:54 -> 0xf:2 -> 0xf:4 -> 0xe:2 -> 0xe:1 -> 0x6:3 -> 0x6:2 -> 0x7:2 -> 0x7:1 -> 0x3:3 -> 0x3:1 -> 6e:18:ef:f8:d2:55
I, [2017-01-29T12:48:56.458213 #5358]  INFO -- : Creating path: 6e:18:ef:f8:d2:55
I, [2017-01-29T12:55:38.971374 #7355]  INFO -- : Creating path: 26:35:b0:d0:7c:8b -> 0x1:1 -> 0x1:2 -> 0x2:1 -> 0x2:2 -> 0x3:2 -> 0x3:1 -> 3e:4d:cb:05:58:04
I, [2017-01-29T12:55:39.910798 #7355]  INFO -- : Creating path: 3e:4d:cb:05:58:04 -> 0x3:1 -> 0x3:2 -> 0x2:2 -> 0x2:1 -> 0x1:2 -> 0x1:1 -> 26:35:b0:d0:7c:8b
I, [2017-01-29T12:57:30.739037 #7355]  INFO -- : Creating path: 66:4e:87:35:6e:28 -> 0xf:2 -> 0xf:4 -> 0xe:2 -> 0xe:1 -> 0x6:3 -> 0x6:1 -> 0x5:3 -> 0x5:1 -> 0x4:2 -> 0x4:1 -> 0x1:3 -> 0x1:1 -> 26:35:b0:d0:7c:8b
I, [2017-01-29T12:57:30.817832 #7355]  INFO -- : Creating path: 26:35:b0:d0:7c:8b
I, [2017-01-29T13:26:25.848906 #11023]  INFO -- : Creating path: 6e:98:cd:ba:ca:a6 -> 0x1:1 -> 0x1:2 -> 0x2:1 -> 0x2:2 -> 0x3:2 -> 0x3:1 -> 06:f8:04:15:34:8e
I, [2017-01-29T13:26:26.809580 #11023]  INFO -- : Creating path: 06:f8:04:15:34:8e -> 0x3:1 -> 0x3:2 -> 0x2:2 -> 0x2:1 -> 0x1:2 -> 0x1:1 -> 6e:98:cd:ba:ca:a6
I, [2017-01-29T13:27:20.227878 #11023]  INFO -- : Creating path: 3e:03:a6:3b:90:0b -> 0xf:2 -> 0xf:4 -> 0xe:2 -> 0xe:1 -> 0x6:3 -> 0x6:1 -> 0x5:3 -> 0x5:1 -> 0x4:2 -> 0x4:1 -> 0x1:3 -> 0x1:1 -> 6e:98:cd:ba:ca:a6
I, [2017-01-29T13:27:20.315350 #11023]  INFO -- : Creating path: 6e:98:cd:ba:ca:a6
I, [2017-01-29T13:42:00.009405 #12874]  INFO -- : Creating path: 8e:6a:bd:fd:1d:41 -> 0x1:1 -> 0x1:2 -> 0x2:1 -> 0x2:2 -> 0x3:2 -> 0x3:1 -> 1a:3b:be:bb:e3:0c
I, [2017-01-29T13:42:01.044172 #12874]  INFO -- : Creating path: 1a:3b:be:bb:e3:0c -> 0x3:1 -> 0x3:2 -> 0x2:2 -> 0x2:1 -> 0x1:2 -> 0x1:1 -> 8e:6a:bd:fd:1d:41
I, [2017-01-29T15:03:02.753735 #12874]  INFO -- : Creating path: 56:65:05:bb:54:30 -> 0xf:2 -> 0xf:4 -> 0xe:2 -> 0xe:1 -> 0x6:3 -> 0x6:2 -> 0x7:2 -> 0x7:1 -> 0x3:3 -> 0x3:1 -> 1a:3b:be:bb:e3:0c
I, [2017-01-29T15:03:02.862649 #12874]  INFO -- : Creating path: 1a:3b:be:bb:e3:0c
I, [2017-01-29T16:40:57.351892 #15192]  INFO -- : Creating path: 82:90:14:d9:e0:8a -> 0x1:1 -> 0x1:2 -> 0x2:1 -> 0x2:2 -> 0x3:2 -> 0x3:1 -> ba:c0:23:46:0b:72
I, [2017-01-29T16:40:58.298853 #15192]  INFO -- : Creating path: ba:c0:23:46:0b:72 -> 0x3:1 -> 0x3:2 -> 0x2:2 -> 0x2:1 -> 0x1:2 -> 0x1:1 -> 82:90:14:d9:e0:8a
I, [2017-01-29T16:44:24.765691 #15192]  INFO -- : Creating path: c6:58:53:08:f7:37 -> 0xf:2 -> 0xf:4 -> 0xe:2 -> 0xe:1 -> 0x6:3 -> 0x6:1 -> 0x5:3 -> 0x5:1 -> 0x4:2 -> 0x4:1 -> 0x1:3 -> 0x1:1 -> 82:90:14:d9:e0:8a
I, [2017-01-29T16:44:24.888780 #15192]  INFO -- : Creating path: 82:90:14:d9:e0:8a
I, [2017-01-29T16:47:46.832736 #17004]  INFO -- : Creating path: 7e:aa:28:f5:9c:87 -> 0x1:1 -> 0x1:2 -> 0x2:1 -> 0x2:2 -> 0x3:2 -> 0x3:1 -> 86:86:b6:b6:14:04
I, [2017-01-29T16:47:47.838839 #17004]  INFO -- : Creating path: 86:86:b6:b6:14:04 -> 0x3:1 -> 0x3:2 -> 0x2:2 -> 0x2:1 -> 0x1:2 -> 0x1:1 -> 7e:aa:28:f5:9c:87
I, [2017-01-29T16:48:53.376840 #17004]  INFO -- : Creating path: 56:6e:1d:eb:6f:04 -> 0xf:2 -> 0xf:4 -> 0xe:2 -> 0xe:1 -> 0x6:3 -> 0x6:2 -> 0x7:2 -> 0x7:1 -> 0x3:3 -> 0x3:1 -> 86:86:b6:b6:14:04
I, [2017-01-29T16:48:53.447085 #17004]  INFO -- : Creating path: 86:86:b6:b6:14:04
I, [2017-01-29T16:55:53.378008 #18885]  INFO -- : Creating path: aa:d6:72:f0:84:d8 -> 0x1:1 -> 0x1:2 -> 0x2:1 -> 0x2:2 -> 0x3:2 -> 0x3:1 -> ae:71:fd:7b:54:e7
I, [2017-01-29T16:55:54.235558 #18885]  INFO -- : Creating path: ae:71:fd:7b:54:e7 -> 0x3:1 -> 0x3:2 -> 0x2:2 -> 0x2:1 -> 0x1:2 -> 0x1:1 -> aa:d6:72:f0:84:d8
I, [2017-01-29T16:57:01.084937 #18885]  INFO -- : Creating path: aa:f0:2b:8f:e4:9b -> 0xf:2 -> 0xf:4 -> 0xe:2 -> 0xe:1 -> 0x6:3 -> 0x6:2 -> 0x7:2 -> 0x7:1 -> 0x3:3 -> 0x3:1 -> ae:71:fd:7b:54:e7
I, [2017-01-29T16:57:01.160391 #18885]  INFO -- : Creating path: ae:71:fd:7b:54:e7
I, [2017-01-29T16:59:17.578772 #20766]  INFO -- : Creating path: 7e:4b:ca:25:6e:09 -> 0x1:1 -> 0x1:2 -> 0x2:1 -> 0x2:2 -> 0x3:2 -> 0x3:1 -> 46:e9:0d:4a:da:ac
I, [2017-01-29T16:59:18.569807 #20766]  INFO -- : Creating path: 46:e9:0d:4a:da:ac -> 0x3:1 -> 0x3:2 -> 0x2:2 -> 0x2:1 -> 0x1:2 -> 0x1:1 -> 7e:4b:ca:25:6e:09
I, [2017-01-29T16:59:27.602871 #20766]  INFO -- : Creating path: 0e:81:be:f0:b1:99 -> 0xf:2 -> 0xf:4 -> 0xe:2 -> 0xe:1 -> 0x6:3 -> 0x6:1 -> 0x5:3 -> 0x5:1 -> 0x4:2 -> 0x4:1 -> 0x1:3 -> 0x1:1 -> 7e:4b:ca:25:6e:09
I, [2017-01-29T16:59:27.688090 #20766]  INFO -- : Creating path: 7e:4b:ca:25:6e:09
I, [2017-01-29T17:02:52.084811 #22553]  INFO -- : Creating path: ea:3f:61:51:ef:81 -> 0x1:1 -> 0x1:2 -> 0x2:1 -> 0x2:2 -> 0x3:2 -> 0x3:1 -> 8a:76:90:9b:3f:ed
I, [2017-01-29T17:02:53.034761 #22553]  INFO -- : Creating path: 8a:76:90:9b:3f:ed -> 0x3:1 -> 0x3:2 -> 0x2:2 -> 0x2:1 -> 0x1:2 -> 0x1:1 -> ea:3f:61:51:ef:81
I, [2017-01-29T17:07:16.314925 #22553]  INFO -- : Creating path: da:05:2b:d8:21:28 -> 0xf:1 -> 0xf:4 -> 0xe:2 -> 0xe:1 -> 0x6:3 -> 0x6:1 -> 0x5:3 -> 0x5:1 -> 0x4:2 -> 0x4:1 -> 0x1:3 -> 0x1:1 -> ea:3f:61:51:ef:81
I, [2017-01-29T17:07:16.429233 #22553]  INFO -- : Creating path: ea:3f:61:51:ef:81 -> 0x1:1 -> 0x1:3 -> 0x4:1 -> 0x4:2 -> 0x5:1 -> 0x5:3 -> 0x6:1 -> 0x6:3 -> 0xe:1 -> 0xe:2 -> 0xf:4 -> 0xf:1 -> da:05:2b:d8:21:28
I, [2017-01-29T17:39:39.152436 #24736]  INFO -- : Creating path: c2:78:49:78:e3:42 -> 0x1:1 -> 0x1:2 -> 0x2:1 -> 0x2:2 -> 0x3:2 -> 0x3:1 -> 3e:ab:86:b6:ef:41
I, [2017-01-29T17:39:39.918831 #24736]  INFO -- : Creating path: 3e:ab:86:b6:ef:41 -> 0x3:1 -> 0x3:2 -> 0x2:2 -> 0x2:1 -> 0x1:2 -> 0x1:1 -> c2:78:49:78:e3:42
I, [2017-01-29T17:41:42.444145 #24736]  INFO -- : Creating path: ae:c4:af:d0:a3:70 -> 0xf:1 -> 0xf:4 -> 0xe:2 -> 0xe:1 -> 0x6:3 -> 0x6:1 -> 0x5:3 -> 0x5:1 -> 0x4:2 -> 0x4:1 -> 0x1:3 -> 0x1:1 -> c2:78:49:78:e3:42
I, [2017-01-29T17:41:42.554777 #24736]  INFO -- : Creating path: c2:78:49:78:e3:42 -> 0x1:1 -> 0x1:3 -> 0x4:1 -> 0x4:2 -> 0x5:1 -> 0x5:3 -> 0x6:1 -> 0x6:3 -> 0xe:1 -> 0xe:2 -> 0xf:4 -> 0xf:1 -> ae:c4:af:d0:a3:70
I, [2017-01-29T19:48:52.287168 #14159]  INFO -- : Creating path: 3e:61:5b:62:c8:15 -> 0x1:1 -> 0x1:3 -> 0x4:1 -> 0x4:2 -> 0x5:1 -> 0x5:3 -> 0x6:1 -> 0x6:3 -> 0xe:1 -> 0xe:2 -> 0xf:4 -> 0xf:1 -> 4a:f7:83:02:1e:59
I, [2017-01-29T19:48:52.401521 #14159]  INFO -- : Creating path: 3e:61:5b:62:c8:15 -> 0x1:1 -> 0x1:3 -> 0x4:1 -> 0x4:2 -> 0x5:1 -> 0x5:3 -> 0x6:1 -> 0x6:3 -> 0xe:1 -> 0xe:2 -> 0xf:4 -> 0xf:1 -> 4a:f7:83:02:1e:59
I, [2017-01-29T19:48:53.071404 #14159]  INFO -- : Creating path: 4a:f7:83:02:1e:59 -> 0xf:1 -> 0xf:4 -> 0xe:2 -> 0xe:1 -> 0x6:3 -> 0x6:1 -> 0x5:3 -> 0x5:1 -> 0x4:2 -> 0x4:1 -> 0x1:3 -> 0x1:1 -> 3e:61:5b:62:c8:15
I, [2017-01-29T19:52:28.448130 #15899]  INFO -- : Creating path: be:50:a5:eb:74:67 -> 0x1:1 -> 0x1:3 -> 0x4:1 -> 0x4:2 -> 0x5:1 -> 0x5:3 -> 0x6:1 -> 0x6:3 -> 0xe:1 -> 0xe:2 -> 0xf:4 -> 0xf:1 -> 5e:d7:20:95:8a:52
I, [2017-01-29T19:52:28.531753 #15899]  INFO -- : Creating path: be:50:a5:eb:74:67 -> 0x1:1 -> 0x1:3 -> 0x4:1 -> 0x4:2 -> 0x5:1 -> 0x5:3 -> 0x6:1 -> 0x6:3 -> 0xe:1 -> 0xe:2 -> 0xf:4 -> 0xf:1 -> 5e:d7:20:95:8a:52
I, [2017-01-29T19:52:29.388892 #15899]  INFO -- : Creating path: 5e:d7:20:95:8a:52 -> 0xf:1 -> 0xf:4 -> 0xe:2 -> 0xe:1 -> 0x6:3 -> 0x6:1 -> 0x5:3 -> 0x5:1 -> 0x4:2 -> 0x4:1 -> 0x1:3 -> 0x1:1 -> be:50:a5:eb:74:67
I, [2017-01-29T19:56:22.660563 #17631]  INFO -- : Creating path: 6a:e8:bc:cf:39:d2 -> 0x1:1 -> 0x1:3 -> 0x4:1 -> 0x4:2 -> 0x5:1 -> 0x5:3 -> 0x6:1 -> 0x6:3 -> 0xe:1 -> 0xe:2 -> 0xf:4 -> 0xf:1 -> de:1a:b4:5e:cd:ce
I, [2017-01-29T19:56:23.598156 #17631]  INFO -- : Creating path: de:1a:b4:5e:cd:ce -> 0xf:1 -> 0xf:4 -> 0xe:2 -> 0xe:1 -> 0x6:3 -> 0x6:1 -> 0x5:3 -> 0x5:1 -> 0x4:2 -> 0x4:1 -> 0x1:3 -> 0x1:1 -> 6a:e8:bc:cf:39:d2
I, [2017-01-29T20:05:34.582735 #19380]  INFO -- : Creating path: e2:e5:5f:96:bf:95 -> 0x1:1 -> 0x1:3 -> 0x4:1 -> 0x4:2 -> 0x5:1 -> 0x5:3 -> 0x6:1 -> 0x6:3 -> 0xe:1 -> 0xe:2 -> 0xf:4 -> 0xf:1 -> b2:97:a0:93:3e:72
I, [2017-01-29T22:21:10.487932 #13173]  INFO -- : Creating path: 3e:91:bf:fb:50:4d -> 0x1:1 -> 0x1:2 -> 0x2:1 -> 0x2:2 -> 0x3:2 -> 0x3:1 -> 2e:e2:e3:37:7d:6d
I, [2017-01-29T22:21:11.478292 #13173]  INFO -- : Creating path: 2e:e2:e3:37:7d:6d -> 0x3:1 -> 0x3:2 -> 0x2:2 -> 0x2:1 -> 0x1:2 -> 0x1:1 -> 3e:91:bf:fb:50:4d
I, [2017-01-29T22:26:00.001700 #13173]  INFO -- : Creating path: 3e:91:bf:fb:50:4d -> 0x1:1 -> 0x1:3 -> 0x4:1 -> 0x4:2 -> 0x5:1 -> 0x5:3 -> 0x6:1 -> 0x6:3 -> 0xe:1 -> 0xe:2 -> 0xf:4 -> 0xf:1 -> 06:d8:65:ea:20:0a
I, [2017-01-29T22:26:00.125878 #13173]  INFO -- : Creating path: 06:d8:65:ea:20:0a -> 0xf:1 -> 0xf:4 -> 0xe:2 -> 0xe:1 -> 0x6:3 -> 0x6:1 -> 0x5:3 -> 0x5:1 -> 0x4:2 -> 0x4:1 -> 0x1:3 -> 0x1:1 -> 3e:91:bf:fb:50:4d
I, [2017-01-29T23:44:01.309419 #1288]  INFO -- : Creating path: 22:47:e0:45:30:98 -> 0x1:1 -> 0x1:2 -> 0x2:1 -> 0x2:2 -> 0x3:2 -> 0x3:1 -> 4e:b0:a9:01:98:d4
I, [2017-01-29T23:44:02.115469 #1288]  INFO -- : Creating path: 4e:b0:a9:01:98:d4 -> 0x3:1 -> 0x3:2 -> 0x2:2 -> 0x2:1 -> 0x1:2 -> 0x1:1 -> 22:47:e0:45:30:98
I, [2017-01-29T23:44:19.995144 #1288]  INFO -- : Creating path: 42:e8:d6:f2:64:c0 -> 0xf:1 -> 0xf:4 -> 0xe:2 -> 0xe:1 -> 0x6:3 -> 0x6:1 -> 0x5:3 -> 0x5:1 -> 0x4:2 -> 0x4:1 -> 0x1:3 -> 0x1:1 -> 22:47:e0:45:30:98
I, [2017-01-29T23:44:20.951466 #1288]  INFO -- : Creating path: 22:47:e0:45:30:98 -> 0x1:1 -> 0x1:3 -> 0x4:1 -> 0x4:2 -> 0x5:1 -> 0x5:3 -> 0x6:1 -> 0x6:3 -> 0xe:1 -> 0xe:2 -> 0xf:4 -> 0xf:1 -> 42:e8:d6:f2:64:c0
I, [2017-01-29T23:44:56.670895 #1288]  INFO -- : Creating path: 42:e8:d6:f2:64:c0 -> 0xf:1 -> 0xf:4 -> 0xe:2 -> 0xe:1 -> 0x6:3 -> 0x6:2 -> 0x7:2 -> 0x7:1 -> 0x3:3 -> 0x3:1 -> 4e:b0:a9:01:98:d4
